Graph:Select Graph0
Graph:DSel
ScopeSigMgr:loadpffile /nfs/stak/students/g/goynese/ECE422/hspice/example1/NMOS.sw0 1 openonly
# PF:1
wm geometry .sigmgr._PF:1 231x341+959+600
wm geometry .sigmgr._PF:1 231x341+953+599
wm geometry .sigmgr._PF:1 231x341+941+593
wm geometry .sigmgr._PF:1 231x341+924+586
wm geometry .sigmgr._PF:1 231x341+904+577
wm geometry .sigmgr._PF:1 231x341+876+568
wm geometry .sigmgr._PF:1 231x341+849+561
wm geometry .sigmgr._PF:1 231x341+822+558
wm geometry .sigmgr._PF:1 231x341+795+558
wm geometry .sigmgr._PF:1 231x341+770+540
wm geometry .sigmgr._PF:1 231x341+745+533
wm geometry .sigmgr._PF:1 231x341+722+526
wm geometry .sigmgr._PF:1 231x341+701+519
wm geometry .sigmgr._PF:1 231x341+686+514
wm geometry .sigmgr._PF:1 231x341+671+509
wm geometry .sigmgr._PF:1 231x341+669+504
wm geometry .sigmgr._PF:1 231x341+653+502
wm geometry .sigmgr._PF:1 231x341+646+500
wm geometry .sigmgr._PF:1 231x341+642+500
wm geometry .sigmgr._PF:1 231x341+641+499
wm geometry .sigmgr._PF:1 231x341+639+498
wm geometry .sigmgr._PF:1 231x341+638+498
wm geometry .sigmgr._PF:1 231x341+637+498
wm geometry .sigmgr._PF:1 231x341+636+497
wm geometry .sigmgr._PF:1 231x341+635+497
wm geometry .sigmgr._PF:1 231x341+634+497
wm geometry .sigmgr._PF:1 231x341+632+497
wm geometry .sigmgr._PF:1 231x341+630+496
wm geometry .sigmgr._PF:1 231x341+629+496
wm geometry .sigmgr._PF:1 231x341+627+495
wm geometry .sigmgr._PF:1 231x341+626+495
wm geometry .sigmgr._PF:1 231x341+624+495
wm geometry .sigmgr._PF:1 231x341+623+494
wm geometry .sigmgr._PF:1 231x341+620+494
wm geometry .sigmgr._PF:1 231x341+617+493
wm geometry .sigmgr._PF:1 231x341+614+492
wm geometry .sigmgr._PF:1 231x341+611+491
wm geometry .sigmgr._PF:1 231x341+607+490
wm geometry .sigmgr._PF:1 231x341+604+490
wm geometry .sigmgr._PF:1 231x341+601+489
wm geometry .sigmgr._PF:1 231x341+599+489
wm geometry .sigmgr._PF:1 231x341+596+489
wm geometry .sigmgr._PF:1 231x341+593+488
pf:read PF:1 v(vd)
# WF:1:1
Graph addsignal WF:1:1 -region new -yview real(y) -xview real(x) -tracehi 2
# Signal0
pf:read PF:1 v(vd)
# WF:1:1
Graph addsignal WF:1:1 -region new -yview real(y) -xview real(x) -tracehi 2
# Signal1
pf:read PF:1 v(vg)
# WF:1:2
Graph addsignal WF:1:2 -region new -yview real(y) -xview real(x) -tracehi 2
# Signal2
pf:read PF:1 v(0)
# WF:1:3
Graph addsignal WF:1:3 -region new -yview real(y) -xview real(x) -tracehi 2
# Signal3
pf:read PF:1 i(vgs)
# WF:1:4
Graph addsignal WF:1:4 -region new -yview real(y) -xview real(x) -tracehi 2
# Signal4
pf:read PF:1 i(vgs)
# WF:1:4
Graph addsignal WF:1:4 -region new -yview real(y) -xview real(x) -tracehi 2
# Signal5
pf:read PF:1 i(vds)
# WF:1:5
Graph addsignal WF:1:5 -region new -yview real(y) -xview real(x) -tracehi 2
# Signal6
pf:read PF:1 i(m1)
# WF:1:6
Graph addsignal WF:1:6 -region new -yview real(y) -xview real(x) -tracehi 2
# Signal7
Graph:DSel
Graph:Select Graph0
Graph:DSel
Graph:DSel
Graph:DSel
